Failed login attempt {"remoteAddress":"10.3.3.90","userAgent":"Mozilla/5.0 (Windows NT 10.0; Win64; x64) AppleWebKit/537.36 (KHTML, like Gecko) Chrome/115.0.0.0 Safari/537.36","timestamp":1690371632}
Failed login attempt {"remoteAddress":"10.3.3.90","userAgent":"Mozilla/5.0 (Windows NT 10.0; Win64; x64) AppleWebKit/537.36 (KHTML, like Gecko) Chrome/115.0.0.0 Safari/537.36","timestamp":1690371638}
File not found: /app/code-server/lib/vscode/out/vsda_bg.wasm
File not found: /app/code-server/lib/vscode/out/vsda.js
[11:40:47] Using the in-memory credential store as the operating system's credential store could not be accessed. Please see https://aka.ms/vscode-server-keyring on how to set this up. Details: libsecret-1.so.0: cannot open shared object file: No such file or directory
File not found: /app/code-server/lib/vscode/out/vsda_bg.wasm
File not found: /app/code-server/lib/vscode/out/vsda.js
a socket was left hanging
a socket was left hanging
a socket was left hanging
a socket was left hanging
[11:44:18] [10.3.3.90][5765f778][ExtensionHostConnection] Unknown reconnection token (never seen).
[11:44:18] [10.3.3.90][6828cc86][ManagementConnection] Unknown reconnection token (never seen).
File not found: /app/code-server/lib/vscode/out/vsda_bg.wasm
File not found: /app/code-server/lib/vscode/out/vsda.js
[11:44:20] Using the in-memory credential store as the operating system's credential store could not be accessed. Please see https://aka.ms/vscode-server-keyring on how to set this up. Details: libsecret-1.so.0: cannot open shared object file: No such file or directory
File not found: /app/code-server/lib/vscode/out/vsda.js
File not found: /app/code-server/lib/vscode/out/vsda_bg.wasm
a socket was left hanging
a socket was left hanging
a socket was left hanging
[11:45:51] [10.3.3.90][35d24a82][ManagementConnection] Unknown reconnection token (never seen).
File not found: /app/code-server/lib/vscode/out/vsda.js
File not found: /app/code-server/lib/vscode/out/vsda_bg.wasm
[11:45:55] Using the in-memory credential store as the operating system's credential store could not be accessed. Please see https://aka.ms/vscode-server-keyring on how to set this up. Details: libsecret-1.so.0: cannot open shared object file: No such file or directory
File not found: /app/code-server/lib/vscode/out/vsda_bg.wasm
File not found: /app/code-server/lib/vscode/out/vsda.js
File not found: /app/code-server/lib/vscode/node_modules/vscode-regexp-languagedetection/dist/index.js
[12:10:25] Error: read ETIMEDOUT
    at TCP.onStreamRead (node:internal/stream_base_commons:217:20) {
  errno: -110,
  code: 'ETIMEDOUT',
  syscall: 'read'
}
Failed login attempt {"remoteAddress":"10.3.3.36","userAgent":"Mozilla/5.0 (Windows NT 10.0; Win64; x64) AppleWebKit/537.36 (KHTML, like Gecko) Chrome/115.0.0.0 Safari/537.36","timestamp":1690386722}
Failed login attempt {"remoteAddress":"10.3.3.36","userAgent":"Mozilla/5.0 (Windows NT 10.0; Win64; x64) AppleWebKit/537.36 (KHTML, like Gecko) Chrome/115.0.0.0 Safari/537.36","timestamp":1690386730}
File not found: /app/code-server/lib/vscode/out/vsda.js
File not found: /app/code-server/lib/vscode/out/vsda_bg.wasm
File not found: /app/code-server/lib/vscode/extensions/git-base/dist/browser/extension.js
File not found: /app/code-server/lib/vscode/extensions/merge-conflict/dist/browser/mergeConflictMain.js
File not found: /app/code-server/lib/vscode/extensions/git-base/dist/browser/extension.js
File not found: /app/code-server/lib/vscode/extensions/merge-conflict/dist/browser/mergeConflictMain.js
File not found: /app/code-server/lib/vscode/extensions/git-base/dist/browser/extension.js
File not found: /app/code-server/lib/vscode/extensions/merge-conflict/dist/browser/mergeConflictMain.js
File not found: /app/code-server/lib/vscode/extensions/git-base/dist/browser/extension.js
File not found: /app/code-server/lib/vscode/extensions/merge-conflict/dist/browser/mergeConflictMain.js
File not found: /app/code-server/lib/vscode/extensions/git-base/dist/browser/extension.js
File not found: /app/code-server/lib/vscode/extensions/merge-conflict/dist/browser/mergeConflictMain.js
File not found: /app/code-server/lib/vscode/extensions/git-base/dist/browser/extension.js
File not found: /app/code-server/lib/vscode/extensions/merge-conflict/dist/browser/mergeConflictMain.js
File not found: /app/code-server/lib/vscode/extensions/git-base/dist/browser/extension.js
File not found: /app/code-server/lib/vscode/extensions/merge-conflict/dist/browser/mergeConflictMain.js
a socket was left hanging
a socket was left hanging
a socket was left hanging
a socket was left hanging
File not found: /app/code-server/lib/vscode/extensions/git-base/dist/browser/extension.js
File not found: /app/code-server/lib/vscode/extensions/merge-conflict/dist/browser/mergeConflictMain.js
File not found: /app/code-server/lib/vscode/extensions/git-base/dist/browser/extension.js
File not found: /app/code-server/lib/vscode/extensions/merge-conflict/dist/browser/mergeConflictMain.js
File not found: /app/code-server/lib/vscode/out/vsda_bg.wasm
File not found: /app/code-server/lib/vscode/out/vsda.js
[16:23:49] Using the in-memory credential store as the operating system's credential store could not be accessed. Please see https://aka.ms/vscode-server-keyring on how to set this up. Details: libsecret-1.so.0: cannot open shared object file: No such file or directory
File not found: /app/code-server/lib/vscode/out/vsda_bg.wasm
File not found: /app/code-server/lib/vscode/out/vsda.js
[16:26:58] RequestStore#acceptReply was called without receiving a matching request 37
[16:26:58] RequestStore#acceptReply was called without receiving a matching request 38
[16:26:58] RequestStore#acceptReply was called without receiving a matching request 39
[16:26:58] RequestStore#acceptReply was called without receiving a matching request 40
[16:26:58] RequestStore#acceptReply was called without receiving a matching request 41
[16:26:58] RequestStore#acceptReply was called without receiving a matching request 42
[16:26:58] RequestStore#acceptReply was called without receiving a matching request 43
[16:26:58] RequestStore#acceptReply was called without receiving a matching request 44
[16:26:58] RequestStore#acceptReply was called without receiving a matching request 45
[16:26:58] RequestStore#acceptReply was called without receiving a matching request 46
[16:26:58] RequestStore#acceptReply was called without receiving a matching request 47
[16:26:58] RequestStore#acceptReply was called without receiving a matching request 48
[16:27:01] RequestStore#acceptReply was called without receiving a matching request 49
[16:27:01] RequestStore#acceptReply was called without receiving a matching request 50
[16:27:01] RequestStore#acceptReply was called without receiving a matching request 51
[16:27:01] RequestStore#acceptReply was called without receiving a matching request 52
[16:27:01] RequestStore#acceptReply was called without receiving a matching request 53
[16:27:01] RequestStore#acceptReply was called without receiving a matching request 54
[16:27:01] RequestStore#acceptReply was called without receiving a matching request 55
[16:27:01] RequestStore#acceptReply was called without receiving a matching request 56
[16:27:01] RequestStore#acceptReply was called without receiving a matching request 57
[16:27:01] RequestStore#acceptReply was called without receiving a matching request 58
[16:27:01] RequestStore#acceptReply was called without receiving a matching request 59
[16:27:01] RequestStore#acceptReply was called without receiving a matching request 60
[16:29:10] RequestStore#acceptReply was called without receiving a matching request 61
[16:29:10] RequestStore#acceptReply was called without receiving a matching request 62
[16:29:10] RequestStore#acceptReply was called without receiving a matching request 63
[16:29:10] RequestStore#acceptReply was called without receiving a matching request 64
[16:29:10] RequestStore#acceptReply was called without receiving a matching request 65
[16:29:10] RequestStore#acceptReply was called without receiving a matching request 66
[16:29:10] RequestStore#acceptReply was called without receiving a matching request 67
[16:29:10] RequestStore#acceptReply was called without receiving a matching request 68
[16:29:10] RequestStore#acceptReply was called without receiving a matching request 69
[16:29:10] RequestStore#acceptReply was called without receiving a matching request 70
[16:29:10] RequestStore#acceptReply was called without receiving a matching request 71
[16:29:10] RequestStore#acceptReply was called without receiving a matching request 72
File not found: /app/code-server/lib/vscode/out/vsda_bg.wasm
File not found: /app/code-server/lib/vscode/out/vsda.js
File not found: /app/code-server/lib/vscode/out/vsda_bg.wasm
File not found: /app/code-server/lib/vscode/out/vsda.js
[16:34:46] RequestStore#acceptReply was called without receiving a matching request 73
[16:34:46] RequestStore#acceptReply was called without receiving a matching request 74
[16:34:46] RequestStore#acceptReply was called without receiving a matching request 75
[16:34:46] RequestStore#acceptReply was called without receiving a matching request 76
[16:34:46] RequestStore#acceptReply was called without receiving a matching request 77
[16:34:46] RequestStore#acceptReply was called without receiving a matching request 78
[16:34:46] RequestStore#acceptReply was called without receiving a matching request 79
[16:34:46] RequestStore#acceptReply was called without receiving a matching request 80
[16:34:46] RequestStore#acceptReply was called without receiving a matching request 81
[16:34:46] RequestStore#acceptReply was called without receiving a matching request 82
[16:34:46] RequestStore#acceptReply was called without receiving a matching request 83
[16:34:46] RequestStore#acceptReply was called without receiving a matching request 84
[16:34:46] RequestStore#acceptReply was called without receiving a matching request 85
[16:34:46] RequestStore#acceptReply was called without receiving a matching request 86
[16:34:46] RequestStore#acceptReply was called without receiving a matching request 87
[16:34:46] RequestStore#acceptReply was called without receiving a matching request 88
[16:34:46] RequestStore#acceptReply was called without receiving a matching request 89
[16:34:46] RequestStore#acceptReply was called without receiving a matching request 90
[16:34:46] RequestStore#acceptReply was called without receiving a matching request 91
[16:34:46] RequestStore#acceptReply was called without receiving a matching request 92
[16:34:46] RequestStore#acceptReply was called without receiving a matching request 93
[16:34:46] RequestStore#acceptReply was called without receiving a matching request 94
[16:34:46] RequestStore#acceptReply was called without receiving a matching request 95
[16:34:46] RequestStore#acceptReply was called without receiving a matching request 96
[16:34:46] RequestStore#acceptReply was called without receiving a matching request 97
[16:34:46] RequestStore#acceptReply was called without receiving a matching request 98
[16:34:46] RequestStore#acceptReply was called without receiving a matching request 99
[16:34:46] RequestStore#acceptReply was called without receiving a matching request 100
[16:34:46] RequestStore#acceptReply was called without receiving a matching request 101
[16:34:46] RequestStore#acceptReply was called without receiving a matching request 102
[16:34:46] RequestStore#acceptReply was called without receiving a matching request 103
[16:34:46] RequestStore#acceptReply was called without receiving a matching request 104
[16:34:46] RequestStore#acceptReply was called without receiving a matching request 105
[16:34:46] RequestStore#acceptReply was called without receiving a matching request 106
[16:34:46] RequestStore#acceptReply was called without receiving a matching request 107
[16:34:46] RequestStore#acceptReply was called without receiving a matching request 108
[16:34:46] RequestStore#acceptReply was called without receiving a matching request 109
[16:34:46] RequestStore#acceptReply was called without receiving a matching request 110
[16:34:46] RequestStore#acceptReply was called without receiving a matching request 111
[16:34:46] RequestStore#acceptReply was called without receiving a matching request 112
[16:34:46] RequestStore#acceptReply was called without receiving a matching request 113
[16:34:46] RequestStore#acceptReply was called without receiving a matching request 114
[16:34:46] RequestStore#acceptReply was called without receiving a matching request 115
[16:34:46] RequestStore#acceptReply was called without receiving a matching request 116
[16:34:46] RequestStore#acceptReply was called without receiving a matching request 117
[16:34:46] RequestStore#acceptReply was called without receiving a matching request 118
[16:34:46] RequestStore#acceptReply was called without receiving a matching request 119
[16:34:46] RequestStore#acceptReply was called without receiving a matching request 120
[16:34:46] RequestStore#acceptReply was called without receiving a matching request 121
[16:34:46] RequestStore#acceptReply was called without receiving a matching request 122
[16:34:46] RequestStore#acceptReply was called without receiving a matching request 123
[16:34:46] RequestStore#acceptReply was called without receiving a matching request 124
[16:34:46] RequestStore#acceptReply was called without receiving a matching request 125
[16:34:46] RequestStore#acceptReply was called without receiving a matching request 126
[16:34:46] RequestStore#acceptReply was called without receiving a matching request 127
[16:34:46] RequestStore#acceptReply was called without receiving a matching request 128
[16:34:46] RequestStore#acceptReply was called without receiving a matching request 129
[16:34:46] RequestStore#acceptReply was called without receiving a matching request 130
[16:34:46] RequestStore#acceptReply was called without receiving a matching request 131
[16:34:46] RequestStore#acceptReply was called without receiving a matching request 132
[16:34:46] RequestStore#acceptReply was called without receiving a matching request 133
[16:34:46] RequestStore#acceptReply was called without receiving a matching request 134
[16:34:46] RequestStore#acceptReply was called without receiving a matching request 135
[16:34:46] RequestStore#acceptReply was called without receiving a matching request 136
[16:34:46] RequestStore#acceptReply was called without receiving a matching request 137
[16:34:46] RequestStore#acceptReply was called without receiving a matching request 138
[16:34:46] RequestStore#acceptReply was called without receiving a matching request 139
[16:34:46] RequestStore#acceptReply was called without receiving a matching request 140
[16:34:46] RequestStore#acceptReply was called without receiving a matching request 141
[16:34:46] RequestStore#acceptReply was called without receiving a matching request 142
[16:34:46] RequestStore#acceptReply was called without receiving a matching request 143
[16:34:46] RequestStore#acceptReply was called without receiving a matching request 144
[16:36:38] Error: read ECONNRESET
    at TCP.onStreamRead (node:internal/stream_base_commons:217:20) {
  errno: -104,
  code: 'ECONNRESET',
  syscall: 'read'
}
File not found: /app/code-server/lib/vscode/out/vsda_bg.wasm
File not found: /app/code-server/lib/vscode/out/vsda.js
[16:54:29] Error: read ECONNRESET
    at TCP.onStreamRead (node:internal/stream_base_commons:217:20) {
  errno: -104,
  code: 'ECONNRESET',
  syscall: 'read'
}
[17:06:46] Error: read ECONNRESET
    at TCP.onStreamRead (node:internal/stream_base_commons:217:20) {
  errno: -104,
  code: 'ECONNRESET',
  syscall: 'read'
}
File not found: /app/code-server/lib/vscode/out/vsda_bg.wasm
File not found: /app/code-server/lib/vscode/out/vsda.js
File not found: /config/extensions/idleberg.icon-fonts-2.5.4-universal/snippets/css/fi.json
File not found: /config/extensions/idleberg.icon-fonts-2.5.4-universal/snippets/html/fi.json
File not found: /config/extensions/idleberg.icon-fonts-2.5.4-universal/snippets/jsx/fi.json
File not found: /config/extensions/idleberg.icon-fonts-2.5.4-universal/snippets/jsx/geomicon.json
File not found: /config/extensions/idleberg.icon-fonts-2.5.4-universal/snippets/css/fi.json
File not found: /config/extensions/idleberg.icon-fonts-2.5.4-universal/snippets/jsx/fi.json
File not found: /config/extensions/idleberg.icon-fonts-2.5.4-universal/snippets/html/fi.json
File not found: /config/extensions/idleberg.icon-fonts-2.5.4-universal/snippets/jsx/geomicon.json
a socket was left hanging
a socket was left hanging
a socket was left hanging
a socket was left hanging
a socket was left hanging
a socket was left hanging
a socket was left hanging
a socket was left hanging
a socket was left hanging
a socket was left hanging
a socket was left hanging
a socket was left hanging
a socket was left hanging
a socket was left hanging
[03:49:43] [10.3.65.208][20c4acca][ManagementConnection] Unknown reconnection token (never seen).
File not found: /app/code-server/lib/vscode/out/vsda_bg.wasm
File not found: /app/code-server/lib/vscode/out/vsda.js
[08:47:35] Using the in-memory credential store as the operating system's credential store could not be accessed. Please see https://aka.ms/vscode-server-keyring on how to set this up. Details: libsecret-1.so.0: cannot open shared object file: No such file or directory
File not found: /config/extensions/idleberg.icon-fonts-2.5.4-universal/snippets/css/fi.json
File not found: /config/extensions/idleberg.icon-fonts-2.5.4-universal/snippets/html/fi.json
File not found: /config/extensions/idleberg.icon-fonts-2.5.4-universal/snippets/jsx/fi.json
File not found: /config/extensions/idleberg.icon-fonts-2.5.4-universal/snippets/jsx/geomicon.json
[08:52:11] Error: read ECONNRESET
    at TCP.onStreamRead (node:internal/stream_base_commons:217:20) {
  errno: -104,
  code: 'ECONNRESET',
  syscall: 'read'
}
[08:56:39] Error: read ECONNRESET
    at TCP.onStreamRead (node:internal/stream_base_commons:217:20) {
  errno: -104,
  code: 'ECONNRESET',
  syscall: 'read'
}
[09:00:28] Error: read ECONNRESET
    at TCP.onStreamRead (node:internal/stream_base_commons:217:20) {
  errno: -104,
  code: 'ECONNRESET',
  syscall: 'read'
}
[09:03:28] Error: read ECONNRESET
    at TCP.onStreamRead (node:internal/stream_base_commons:217:20) {
  errno: -104,
  code: 'ECONNRESET',
  syscall: 'read'
}
[09:04:16] Error: read ECONNRESET
    at TCP.onStreamRead (node:internal/stream_base_commons:217:20) {
  errno: -104,
  code: 'ECONNRESET',
  syscall: 'read'
}
[09:04:43] Error: read ECONNRESET
    at TCP.onStreamRead (node:internal/stream_base_commons:217:20) {
  errno: -104,
  code: 'ECONNRESET',
  syscall: 'read'
}
[09:10:32] Error: read ECONNRESET
    at TCP.onStreamRead (node:internal/stream_base_commons:217:20) {
  errno: -104,
  code: 'ECONNRESET',
  syscall: 'read'
}
[09:14:47] Error: read ECONNRESET
    at TCP.onStreamRead (node:internal/stream_base_commons:217:20) {
  errno: -104,
  code: 'ECONNRESET',
  syscall: 'read'
}
[09:18:13] Error: read ECONNRESET
    at TCP.onStreamRead (node:internal/stream_base_commons:217:20) {
  errno: -104,
  code: 'ECONNRESET',
  syscall: 'read'
}
[09:19:22] Error: read ECONNRESET
    at TCP.onStreamRead (node:internal/stream_base_commons:217:20) {
  errno: -104,
  code: 'ECONNRESET',
  syscall: 'read'
}
[09:27:07] Error: read ECONNRESET
    at TCP.onStreamRead (node:internal/stream_base_commons:217:20) {
  errno: -104,
  code: 'ECONNRESET',
  syscall: 'read'
}
[09:55:51] Error: read ECONNRESET
    at TCP.onStreamRead (node:internal/stream_base_commons:217:20) {
  errno: -104,
  code: 'ECONNRESET',
  syscall: 'read'
}
[10:09:02] Error: read ECONNRESET
    at TCP.onStreamRead (node:internal/stream_base_commons:217:20) {
  errno: -104,
  code: 'ECONNRESET',
  syscall: 'read'
}
[10:18:02] Error: read ECONNRESET
    at TCP.onStreamRead (node:internal/stream_base_commons:217:20) {
  errno: -104,
  code: 'ECONNRESET',
  syscall: 'read'
}
[17:53:40] [184.22.178.193][41b891e6][ManagementConnection] Unknown reconnection token (seen before).
[17:53:40] [184.22.178.193][72ac29f3][ExtensionHostConnection] Unknown reconnection token (seen before).
File not found: /app/code-server/lib/vscode/out/vsda_bg.wasm
File not found: /app/code-server/lib/vscode/out/vsda.js
File not found: /config/extensions/idleberg.icon-fonts-2.5.4-universal/snippets/html/fi.json
File not found: /config/extensions/idleberg.icon-fonts-2.5.4-universal/snippets/jsx/geomicon.json
File not found: /config/extensions/idleberg.icon-fonts-2.5.4-universal/snippets/css/fi.json
File not found: /config/extensions/idleberg.icon-fonts-2.5.4-universal/snippets/jsx/fi.json
[13:40:01] Error: read ECONNRESET
    at TCP.onStreamRead (node:internal/stream_base_commons:217:20) {
  errno: -104,
  code: 'ECONNRESET',
  syscall: 'read'
}
[14:03:01] Error: read ECONNRESET
    at TCP.onStreamRead (node:internal/stream_base_commons:217:20) {
  errno: -104,
  code: 'ECONNRESET',
  syscall: 'read'
}
[14:16:15] Error: read ECONNRESET
    at TCP.onStreamRead (node:internal/stream_base_commons:217:20) {
  errno: -104,
  code: 'ECONNRESET',
  syscall: 'read'
}
[14:19:59] Error: read ECONNRESET
    at TCP.onStreamRead (node:internal/stream_base_commons:217:20) {
  errno: -104,
  code: 'ECONNRESET',
  syscall: 'read'
}
[14:33:43] Error: read ECONNRESET
    at TCP.onStreamRead (node:internal/stream_base_commons:217:20) {
  errno: -104,
  code: 'ECONNRESET',
  syscall: 'read'
}
File not found: /app/code-server/lib/vscode/out/vsda_bg.wasm
File not found: /app/code-server/lib/vscode/out/vsda.js
[14:36:21] Error: read ECONNRESET
    at TCP.onStreamRead (node:internal/stream_base_commons:217:20) {
  errno: -104,
  code: 'ECONNRESET',
  syscall: 'read'
}
[14:37:41] Error: read ECONNRESET
    at TCP.onStreamRead (node:internal/stream_base_commons:217:20) {
  errno: -104,
  code: 'ECONNRESET',
  syscall: 'read'
}
[14:39:13] Error: read ECONNRESET
    at TCP.onStreamRead (node:internal/stream_base_commons:217:20) {
  errno: -104,
  code: 'ECONNRESET',
  syscall: 'read'
}
